Arguments: 
  /usr/local/bin/node /Users/joharasabatin/.nvm/versions/node/v16.13.2/bin/yarn global bin

PATH: 
  /Users/joharasabatin/Library/Android/sdk/platform-tools:/opt/homebrew/bin:/opt/homebrew/sbin:/usr/local/bin:/Users/joharasabatin/.nvm/versions/node/v16.13.2/bin:/usr/local/bin:/usr/bin:/bin:/usr/sbin:/sbin:/Users/joharasabatin/Library/Android/sdk/platform-tools:/opt/homebrew/bin:/opt/homebrew/sbin:/Users/joharasabatin/.nvm/versions/node/v16.13.2/bin:/Users/joharasabatin/.yarn/bin:info If you think this is a bug, please open a bug report with the information provided in "/Users/joharasabatin/Desktop/NucampFolder/5-NodeJS-Express-MongoDB/node-mongoose/yarn-error.log".
  info Visit https://yarnpkg.com/en/docs/cli/global for documentation about this command.:info If you think this is a bug, please open a bug report with the information provided in "/Users/joharasabatin/Desktop/NucampFolder/5-NodeJS-Express-MongoDB/node-mongoose/yarn-error.log".
  info Visit https://yarnpkg.com/en/docs/cli/global for documentation about this command.

Yarn version: 
  1.22.17

Node version: 
  17.3.1

Platform: 
  darwin arm64

Trace: 
  SyntaxError: /Users/joharasabatin/Desktop/NucampFolder/5-NodeJS-Express-MongoDB/node-mongoose/package.json: Unexpected end of JSON input
      at JSON.parse (<anonymous>)
      at /Users/joharasabatin/.nvm/versions/node/v16.13.2/lib/node_modules/yarn/lib/cli.js:1625:59
      at Generator.next (<anonymous>)
      at step (/Users/joharasabatin/.nvm/versions/node/v16.13.2/lib/node_modules/yarn/lib/cli.js:310:30)
      at /Users/joharasabatin/.nvm/versions/node/v16.13.2/lib/node_modules/yarn/lib/cli.js:321:13

npm manifest: 
  

yarn manifest: 
  No manifest

Lockfile: 
  No lockfile
